2018-01-11 12:01:50 [127.0.0.1][-][p3bn5fanr453slsksfh4erqkj6][error][yii\base\ErrorException:32] yii\base\ErrorException: PHP Startup: igbinary: Unable to initialize module
Module compiled with module API=20100525
PHP    compiled with module API=20151012
These options need to match
 in Unknown:0
Stack trace:
#0 [internal function]: yii\base\ErrorHandler->handleFatalError()
#1 {main}
2018-01-11 12:01:50 [127.0.0.1][-][p3bn5fanr453slsksfh4erqkj6][info][application] $_COOKIE = [
    'UM_distinctid' => '15f2a0023af75-0d209f3ec6f542-43574130-15f900-15f2a0023b03d2'
    'CNZZDATA155540' => 'cnzz_eid=1006066442-1508234062-http%3A%2F%2Flocalhost%2F&ntime=1508234062'
    'pgv_pvi' => '5301135360'
    'CNZZDATA1264628965' => '1631254602-1515374471-http%3A%2F%2Flocalhost%2F|1515380127'
]

$_SESSION = [
    '__flash' => []
    '__returnUrl' => '/php.practical/yii-advanced-app-2.0.12/advanced/backend/web/'
]

$_SERVER = [
    'PATH' => 'C:\\windows\\system32;C:\\windows;C:\\windows\\System32\\Wbem;C:\\windows\\System32\\WindowsPowerShell\\v1.0\\;C:\\ProgramData\\ComposerSetup\\bin;D:\\svn\\bin;D:\\phpStudy\\php\\php-5.5.38;D:\\Git\\Git\\cmd;C:\\Users\\acer\\AppData\\Roaming\\Composer\\vendor\\bin'
    'SYSTEMROOT' => 'C:\\windows'
    'COMSPEC' => 'C:\\windows\\system32\\cmd.exe'
    'PATHEXT' => '.COM;.EXE;.BAT;.CMD;.VBS;.VBE;.JS;.JSE;.WSF;.WSH;.MSC'
    'WINDIR' => 'C:\\windows'
    'PHP_FCGI_MAX_REQUESTS' => '1000'
    'PHPRC' => 'D:/phpStudy/php/php-7.0.12-nts/'
    '_FCGI_SHUTDOWN_EVENT_' => '544'
    'SCRIPT_NAME' => '/php.practical/yii-advanced-app-2.0.12/advanced/backend/web/index.php'
    'REQUEST_URI' => '/php.practical/yii-advanced-app-2.0.12/advanced/backend/web/'
    'QUERY_STRING' => ''
    'REQUEST_METHOD' => 'GET'
    'SERVER_PROTOCOL' => 'HTTP/1.1'
    'GATEWAY_INTERFACE' => 'CGI/1.1'
    'REMOTE_PORT' => '53572'
    'SCRIPT_FILENAME' => 'D:/phpStudy/WWW/php.practical/yii-advanced-app-2.0.12/advanced/backend/web/index.php'
    'SERVER_ADMIN' => 'admin@phpStudy.net'
    'CONTEXT_DOCUMENT_ROOT' => 'D:/phpStudy/WWW'
    'CONTEXT_PREFIX' => ''
    'REQUEST_SCHEME' => 'http'
    'DOCUMENT_ROOT' => 'D:/phpStudy/WWW'
    'REMOTE_ADDR' => '127.0.0.1'
    'SERVER_PORT' => '80'
    'SERVER_ADDR' => '127.0.0.1'
    'SERVER_NAME' => 'localhost'
    'SERVER_SOFTWARE' => 'Apache/2.4.23 (Win32) OpenSSL/1.0.2j mod_fcgid/2.3.9'
    'SERVER_SIGNATURE' => ''
    'SystemRoot' => 'C:\\windows'
    'HTTP_UPGRADE_INSECURE_REQUESTS' => '1'
    'HTTP_CONNECTION' => 'close'
    'HTTP_COOKIE' => 'UM_distinctid=15f2a0023af75-0d209f3ec6f542-43574130-15f900-15f2a0023b03d2; CNZZDATA155540=cnzz_eid%3D1006066442-1508234062-http%253A%252F%252Flocalhost%252F%26ntime%3D1508234062; pgv_pvi=5301135360; CNZZDATA1264628965=1631254602-1515374471-http%253A%252F%252Flocalhost%252F%7C1515380127'
    'HTTP_REFERER' => 'http://localhost/php.practical/yii-advanced-app-2.0.12/advanced/backend/'
    'HTTP_ACCEPT_ENCODING' => 'gzip, deflate'
    'HTTP_ACCEPT_LANGUAGE' => 'zh-CN,zh;q=0.8,zh-TW;q=0.7,zh-HK;q=0.5,en-US;q=0.3,en;q=0.2'
    'HTTP_ACCEPT' => 'text/html,application/xhtml+xml,application/xml;q=0.9,*/*;q=0.8'
    'HTTP_USER_AGENT' => 'Mozilla/5.0 (Windows NT 6.1; Win64; x64; rv:57.0) Gecko/20100101 Firefox/57.0'
    'HTTP_HOST' => 'localhost'
    'FCGI_ROLE' => 'RESPONDER'
    'PHP_SELF' => '/php.practical/yii-advanced-app-2.0.12/advanced/backend/web/index.php'
    'REQUEST_TIME_FLOAT' => 1515672110.2623
    'REQUEST_TIME' => 1515672110
]
